TN:
SF:src/app.js
FN:4,createApp
FN:9,(anonymous_1)
FN:12,(anonymous_2)
FNF:3
FNH:2
FNDA:1,createApp
FNDA:0,(anonymous_1)
FNDA:3,(anonymous_2)
DA:1,1
DA:2,1
DA:5,1
DA:6,1
DA:7,1
DA:9,1
DA:10,1
DA:12,1
DA:13,3
DA:14,3
DA:17,1
DA:20,1
LF:12
LH:12
BRDA:13,0,0,3
BRDA:13,0,1,1
BRDA:14,1,0,3
BRDA:14,1,1,0
BRF:4
BRH:3
end_of_record
TN:
SF:src/db.js
FN:3,createPool
FNF:1
FNH:0
FNDA:0,createPool
DA:1,0
DA:4,0
DA:5,0
DA:7,0
DA:10,0
LF:5
LH:0
BRDA:3,0,0,0
BRDA:4,1,0,0
BRDA:4,1,1,0
BRF:3
BRH:0
end_of_record
TN:
SF:src/controllers/accounts.controller.js
FN:3,pool
FN:7,create
FN:16,getOne
FN:26,list
FN:34,deposit
FN:47,withdraw
FN:60,transfer
FNF:7
FNH:6
FNDA:19,pool
FNDA:10,create
FNDA:0,getOne
FNDA:1,list
FNDA:4,deposit
FNDA:1,withdraw
FNDA:3,transfer
DA:1,1
DA:4,19
DA:8,10
DA:9,10
DA:10,10
DA:12,0
DA:17,0
DA:18,0
DA:19,0
DA:20,0
DA:22,0
DA:27,1
DA:28,1
DA:30,0
DA:35,4
DA:36,4
DA:41,4
DA:43,0
DA:48,1
DA:49,1
DA:54,0
DA:56,1
DA:61,3
DA:62,3
DA:68,1
DA:70,2
DA:74,1
LF:27
LH:18
BRDA:19,0,0,0
BRDA:19,0,1,0
BRF:2
BRH:0
end_of_record
TN:
SF:src/routes/accounts.routes.js
FNF:0
FNH:0
DA:1,1
DA:2,1
DA:4,1
DA:6,1
DA:7,1
DA:8,1
DA:9,1
DA:10,1
DA:11,1
DA:13,1
LF:10
LH:10
BRF:0
BRH:0
end_of_record
TN:
SF:src/services/accounts.service.js
FN:3,createAccount
FN:17,getAccount
FN:26,listAccounts
FN:34,deposit
FN:49,withdraw
FN:70,transfer
FNF:6
FNH:6
FNDA:10,createAccount
FNDA:7,getAccount
FNDA:1,listAccounts
FNDA:4,deposit
FNDA:1,withdraw
FNDA:3,transfer
DA:1,1
DA:4,10
DA:5,0
DA:6,0
DA:7,0
DA:9,10
DA:14,10
DA:18,7
DA:23,7
DA:27,1
DA:31,1
DA:35,4
DA:36,4
DA:41,4
DA:42,0
DA:43,0
DA:44,0
DA:46,4
DA:50,1
DA:51,1
DA:52,1
DA:53,0
DA:54,0
DA:55,0
DA:57,1
DA:58,1
DA:59,1
DA:60,1
DA:62,0
DA:63,0
DA:67,0
DA:71,3
DA:73,3
DA:74,3
DA:76,3
DA:77,0
DA:78,0
DA:79,0
DA:82,3
DA:83,1
DA:84,1
DA:85,1
DA:88,2
DA:92,2
DA:97,2
DA:102,1
DA:105,1
LF:47
LH:32
BRDA:3,0,0,0
BRDA:4,1,0,0
BRDA:4,1,1,10
BRDA:4,2,0,10
BRDA:4,2,1,10
BRDA:4,2,2,10
BRDA:12,3,0,10
BRDA:12,3,1,10
BRDA:23,4,0,7
BRDA:23,4,1,0
BRDA:41,5,0,0
BRDA:41,5,1,4
BRDA:52,6,0,0
BRDA:52,6,1,1
BRDA:57,7,0,1
BRDA:57,7,1,0
BRDA:70,8,0,0
BRDA:76,9,0,0
BRDA:76,9,1,3
BRDA:76,10,0,3
BRDA:76,10,1,3
BRDA:82,11,0,1
BRDA:82,11,1,2
BRDA:100,12,0,2
BRDA:100,12,1,0
BRF:25
BRH:16
end_of_record
TN:
SF:src/services/money.js
FN:1,toCents
FN:10,toUnits
FN:14,formatMoney
FN:19,validateAmount
FN:33,canWithdraw
FN:37,applyFee
FN:42,computeInterest
FN:47,buildTransferReceipt
FNF:8
FNH:7
FNDA:5,toCents
FNDA:0,toUnits
FNDA:6,formatMoney
FNDA:14,validateAmount
FNDA:5,canWithdraw
FNDA:5,applyFee
FNDA:1,computeInterest
FNDA:2,buildTransferReceipt
DA:2,5
DA:3,2
DA:4,2
DA:5,2
DA:7,3
DA:11,0
DA:15,6
DA:16,6
DA:20,14
DA:21,3
DA:22,3
DA:23,3
DA:25,11
DA:26,2
DA:27,2
DA:28,2
DA:30,9
DA:34,5
DA:38,5
DA:39,5
DA:43,1
DA:44,1
DA:48,2
DA:56,4
LF:24
LH:23
BRDA:2,0,0,2
BRDA:2,0,1,3
BRDA:2,1,0,5
BRDA:2,1,1,4
BRDA:14,2,0,0
BRDA:20,3,0,3
BRDA:20,3,1,11
BRDA:25,4,0,2
BRDA:25,4,1,9
BRDA:52,5,0,2
BRDA:52,5,1,1
BRF:11
BRH:10
end_of_record
